"2022-08-16 10:25:10 [restartedMain] INFO  c.e.demo.Restauration1Application - Starting Restauration1Application using Java 14.0.2 on DESKTOP-5T9VTNI with PID 6392 (E:\Stage_pfa_2022\workspace\restauration-1\target\classes started by user in E:\Stage_pfa_2022\workspace\restauration-1)
""2022-08-16 10:25:10 [restartedMain] INFO  c.e.demo.Restauration1Application - No active profile set, falling back to 1 default profile: "default"
""2022-08-16 10:25:10 [restartedMain] INFO  o.s.b.d.e.DevToolsPropertyDefaultsPostProcessor - Devtools property defaults active! Set 'spring.devtools.add-properties' to 'false' to disable
""2022-08-16 10:25:10 [restartedMain] INFO  o.s.b.d.e.DevToolsPropertyDefaultsPostProcessor - For additional web related logging consider setting the 'logging.level.web' property to 'DEBUG'
""2022-08-16 10:25:12 [restartedMain] INFO  o.s.d.r.c.RepositoryConfigurationDelegate - Bootstrapping Spring Data JPA repositories in DEFAULT mode.
""2022-08-16 10:25:12 [restartedMain] INFO  o.s.d.r.c.RepositoryConfigurationDelegate - Finished Spring Data repository scanning in 105 ms. Found 1 JPA repository interfaces.
""2022-08-16 10:25:14 [restartedMain] INFO  o.s.b.w.e.tomcat.TomcatWebServer - Tomcat initialized with port(s): 8080 (http)
""2022-08-16 10:25:14 [restartedMain] INFO  o.a.catalina.core.StandardService - Starting service [Tomcat]
""2022-08-16 10:25:14 [restartedMain] INFO  o.a.catalina.core.StandardEngine - Starting Servlet engine: [Apache Tomcat/9.0.65]
""2022-08-16 10:25:14 [restartedMain] INFO  o.a.c.c.C.[Tomcat].[localhost].[/] - Initializing Spring embedded WebApplicationContext
""2022-08-16 10:25:14 [restartedMain] INFO  o.s.b.w.s.c.ServletWebServerApplicationContext - Root WebApplicationContext: initialization completed in 4131 ms
""2022-08-16 10:25:14 [restartedMain] INFO  com.zaxxer.hikari.HikariDataSource - HikariPool-1 - Starting...
""2022-08-16 10:25:16 [restartedMain] INFO  com.zaxxer.hikari.HikariDataSource - HikariPool-1 - Start completed.
""2022-08-16 10:25:16 [restartedMain] INFO  o.s.b.a.h.H2ConsoleAutoConfiguration - H2 console available at '/h2-console'. Database available at 'jdbc:mysql://localhost:3306/db_restau'
""2022-08-16 10:25:16 [restartedMain] INFO  o.h.jpa.internal.util.LogHelper - HHH000204: Processing PersistenceUnitInfo [name: default]
""2022-08-16 10:25:17 [restartedMain] INFO  org.hibernate.Version - HHH000412: Hibernate ORM core version 5.6.10.Final
""2022-08-16 10:25:17 [restartedMain] INFO  o.h.annotations.common.Version - HCANN000001: Hibernate Commons Annotations {5.1.2.Final}
""2022-08-16 10:25:17 [restartedMain] INFO  org.hibernate.dialect.Dialect - HHH000400: Using dialect: org.hibernate.dialect.MySQL5InnoDBDialect
""2022-08-16 10:25:18 [restartedMain] WARN  org.hibernate.mapping.RootClass - HHH000038: Composite-id class does not override equals(): com.example.demo.model.RepasKey
""2022-08-16 10:25:18 [restartedMain] WARN  org.hibernate.mapping.RootClass - HHH000039: Composite-id class does not override hashCode(): com.example.demo.model.RepasKey
""2022-08-16 10:25:19 [restartedMain] INFO  o.h.e.t.j.p.i.JtaPlatformInitiator - HHH000490: Using JtaPlatform implementation: [org.hibernate.engine.transaction.jta.platform.internal.NoJtaPlatform]
""2022-08-16 10:25:19 [restartedMain] INFO  o.s.o.j.LocalContainerEntityManagerFactoryBean - Initialized JPA EntityManagerFactory for persistence unit 'default'
""2022-08-16 10:25:21 [restartedMain] WARN  o.s.b.a.o.j.JpaBaseConfiguration$JpaWebConfiguration - spring.jpa.open-in-view is enabled by default. Therefore, database queries may be performed during view rendering. Explicitly configure spring.jpa.open-in-view to disable this warning
""2022-08-16 10:25:22 [restartedMain] INFO  o.s.b.d.a.OptionalLiveReloadServer - LiveReload server is running on port 35729
""2022-08-16 10:25:22 [restartedMain] INFO  o.s.b.w.e.tomcat.TomcatWebServer - Tomcat started on port(s): 8080 (http) with context path ''
""2022-08-16 10:25:22 [restartedMain] INFO  c.e.demo.Restauration1Application - Started Restauration1Application in 12.779 seconds (JVM running for 14.249)
""2022-08-16 10:28:40 [http-nio-8080-exec-1] INFO  o.a.c.c.C.[Tomcat].[localhost].[/] - Initializing Spring DispatcherServlet 'dispatcherServlet'
""2022-08-16 10:28:40 [http-nio-8080-exec-1] INFO  o.s.web.servlet.DispatcherServlet - Initializing Servlet 'dispatcherServlet'
""2022-08-16 10:28:40 [http-nio-8080-exec-1] INFO  o.s.web.servlet.DispatcherServlet - Completed initialization in 56 ms
""2022-08-16 10:28:50 [http-nio-8080-exec-4] INFO  c.e.demo.services.ClientService - Client with id111deleted
""2022-08-16 10:29:13 [http-nio-8080-exec-9] INFO  c.e.demo.services.ClientService - Client with id113deleted
""2022-08-16 10:30:07 [http-nio-8080-exec-5] INFO  c.e.demo.services.ClientService - Client with id105updated
""2022-08-16 10:30:34 [http-nio-8080-exec-8] INFO  c.e.demo.services.ClientService - Client with id112updated
""2022-08-16 11:17:11 [HikariPool-1 housekeeper] WARN  com.zaxxer.hikari.pool.HikariPool - HikariPool-1 - Thread starvation or clock leap detected (housekeeper delta=6m39s347ms867µs).
""2022-08-16 11:17:49 [HikariPool-1 housekeeper] WARN  com.zaxxer.hikari.pool.HikariPool - HikariPool-1 - Thread starvation or clock leap detected (housekeeper delta=45s38ms874µs600ns).
"